<?xml version="1.0" encoding="UTF-8"?>
<testsuite xmlns:xsi="http://www.w3.org/2001/XMLSchema-instance" xsi:noNamespaceSchemaLocation="https://maven.apache.org/surefire/maven-surefire-plugin/xsd/surefire-test-report.xsd" name="com.cumt.bigdata.BigDataApplicationTests" time="14.487" tests="2" errors="0" skipped="0" failures="0">
  <properties>
    <property name="sun.desktop" value="windows"/>
    <property name="awt.toolkit" value="sun.awt.windows.WToolkit"/>
    <property name="file.encoding.pkg" value="sun.io"/>
    <property name="java.specification.version" value="1.8"/>
    <property name="sun.cpu.isalist" value="amd64"/>
    <property name="sun.jnu.encoding" value="GBK"/>
    <property name="java.class.path" value="D:\JavaProject\bigData\target\test-classes;D:\JavaProject\bigData\target\classes;D:\MavenRepository\maven_jar\redis\clients\jedis\3.3.0\jedis-3.3.0.jar;D:\MavenRepository\maven_jar\org\slf4j\slf4j-api\1.7.32\slf4j-api-1.7.32.jar;D:\MavenRepository\maven_jar\org\springframework\boot\spring-boot-starter-data-redis\2.3.4.RELEASE\spring-boot-starter-data-redis-2.3.4.RELEASE.jar;D:\MavenRepository\maven_jar\org\springframework\boot\spring-boot-starter\2.4.11\spring-boot-starter-2.4.11.jar;D:\MavenRepository\maven_jar\org\springframework\boot\spring-boot-starter-logging\2.4.11\spring-boot-starter-logging-2.4.11.jar;D:\MavenRepository\maven_jar\ch\qos\logback\logback-classic\1.2.6\logback-classic-1.2.6.jar;D:\MavenRepository\maven_jar\ch\qos\logback\logback-core\1.2.6\logback-core-1.2.6.jar;D:\MavenRepository\maven_jar\org\apache\logging\log4j\log4j-to-slf4j\2.13.3\log4j-to-slf4j-2.13.3.jar;D:\MavenRepository\maven_jar\org\apache\logging\log4j\log4j-api\2.13.3\log4j-api-2.13.3.jar;D:\MavenRepository\maven_jar\org\slf4j\jul-to-slf4j\1.7.32\jul-to-slf4j-1.7.32.jar;D:\MavenRepository\maven_jar\jakarta\annotation\jakarta.annotation-api\1.3.5\jakarta.annotation-api-1.3.5.jar;D:\MavenRepository\maven_jar\org\yaml\snakeyaml\1.27\snakeyaml-1.27.jar;D:\MavenRepository\maven_jar\org\springframework\data\spring-data-redis\2.4.13\spring-data-redis-2.4.13.jar;D:\MavenRepository\maven_jar\org\springframework\data\spring-data-keyvalue\2.4.13\spring-data-keyvalue-2.4.13.jar;D:\MavenRepository\maven_jar\org\springframework\data\spring-data-commons\2.4.13\spring-data-commons-2.4.13.jar;D:\MavenRepository\maven_jar\org\springframework\spring-tx\5.3.10\spring-tx-5.3.10.jar;D:\MavenRepository\maven_jar\org\springframework\spring-aop\5.3.10\spring-aop-5.3.10.jar;D:\MavenRepository\maven_jar\org\springframework\spring-context-support\5.3.10\spring-context-support-5.3.10.jar;D:\MavenRepository\maven_jar\io\lettuce\lettuce-core\6.0.8.RELEASE\lettuce-core-6.0.8.RELEASE.jar;D:\MavenRepository\maven_jar\io\netty\netty-common\4.1.68.Final\netty-common-4.1.68.Final.jar;D:\MavenRepository\maven_jar\io\netty\netty-handler\4.1.68.Final\netty-handler-4.1.68.Final.jar;D:\MavenRepository\maven_jar\io\netty\netty-resolver\4.1.68.Final\netty-resolver-4.1.68.Final.jar;D:\MavenRepository\maven_jar\io\netty\netty-buffer\4.1.68.Final\netty-buffer-4.1.68.Final.jar;D:\MavenRepository\maven_jar\io\netty\netty-codec\4.1.68.Final\netty-codec-4.1.68.Final.jar;D:\MavenRepository\maven_jar\io\netty\netty-transport\4.1.68.Final\netty-transport-4.1.68.Final.jar;D:\MavenRepository\maven_jar\io\projectreactor\reactor-core\3.4.10\reactor-core-3.4.10.jar;D:\MavenRepository\maven_jar\org\reactivestreams\reactive-streams\1.0.3\reactive-streams-1.0.3.jar;D:\MavenRepository\maven_jar\org\apache\commons\commons-pool2\2.6.2\commons-pool2-2.6.2.jar;D:\MavenRepository\maven_jar\net\sf\json-lib\json-lib\2.4\json-lib-2.4-jdk15.jar;D:\MavenRepository\maven_jar\commons-beanutils\commons-beanutils\1.8.0\commons-beanutils-1.8.0.jar;D:\MavenRepository\maven_jar\commons-collections\commons-collections\3.2.1\commons-collections-3.2.1.jar;D:\MavenRepository\maven_jar\commons-lang\commons-lang\2.5\commons-lang-2.5.jar;D:\MavenRepository\maven_jar\commons-logging\commons-logging\1.1.1\commons-logging-1.1.1.jar;D:\MavenRepository\maven_jar\net\sf\ezmorph\ezmorph\1.0.6\ezmorph-1.0.6.jar;D:\MavenRepository\maven_jar\org\apache\httpcomponents\httpclient\4.5.3\httpclient-4.5.3.jar;D:\MavenRepository\maven_jar\org\apache\httpcomponents\httpcore\4.4.14\httpcore-4.4.14.jar;D:\MavenRepository\maven_jar\commons-codec\commons-codec\1.15\commons-codec-1.15.jar;D:\MavenRepository\maven_jar\org\apache\commons\commons-lang3\3.4\commons-lang3-3.4.jar;D:\MavenRepository\maven_jar\com\alibaba\fastjson\1.2.45\fastjson-1.2.45.jar;D:\MavenRepository\maven_jar\mysql\mysql-connector-java\8.0.26\mysql-connector-java-8.0.26.jar;D:\MavenRepository\maven_jar\org\mybatis\spring\boot\mybatis-spring-boot-starter\2.1.4\mybatis-spring-boot-starter-2.1.4.jar;D:\MavenRepository\maven_jar\org\springframework\boot\spring-boot-starter-jdbc\2.4.11\spring-boot-starter-jdbc-2.4.11.jar;D:\MavenRepository\maven_jar\com\zaxxer\HikariCP\3.4.5\HikariCP-3.4.5.jar;D:\MavenRepository\maven_jar\org\springframework\spring-jdbc\5.3.10\spring-jdbc-5.3.10.jar;D:\MavenRepository\maven_jar\org\mybatis\spring\boot\mybatis-spring-boot-autoconfigure\2.1.4\mybatis-spring-boot-autoconfigure-2.1.4.jar;D:\MavenRepository\maven_jar\org\mybatis\mybatis\3.5.6\mybatis-3.5.6.jar;D:\MavenRepository\maven_jar\org\mybatis\mybatis-spring\2.0.6\mybatis-spring-2.0.6.jar;D:\MavenRepository\maven_jar\com\baomidou\mybatis-plus-boot-starter\3.2.0\mybatis-plus-boot-starter-3.2.0.jar;D:\MavenRepository\maven_jar\com\baomidou\mybatis-plus\3.2.0\mybatis-plus-3.2.0.jar;D:\MavenRepository\maven_jar\com\baomidou\mybatis-plus-extension\3.2.0\mybatis-plus-extension-3.2.0.jar;D:\MavenRepository\maven_jar\com\baomidou\mybatis-plus-core\3.2.0\mybatis-plus-core-3.2.0.jar;D:\MavenRepository\maven_jar\com\baomidou\mybatis-plus-annotation\3.2.0\mybatis-plus-annotation-3.2.0.jar;D:\MavenRepository\maven_jar\com\github\jsqlparser\jsqlparser\2.1\jsqlparser-2.1.jar;D:\MavenRepository\maven_jar\org\springframework\boot\spring-boot-autoconfigure\2.4.11\spring-boot-autoconfigure-2.4.11.jar;D:\MavenRepository\maven_jar\org\springframework\boot\spring-boot-starter-web\2.4.11\spring-boot-starter-web-2.4.11.jar;D:\MavenRepository\maven_jar\org\springframework\boot\spring-boot-starter-json\2.4.11\spring-boot-starter-json-2.4.11.jar;D:\MavenRepository\maven_jar\com\fasterxml\jackson\core\jackson-databind\2.11.4\jackson-databind-2.11.4.jar;D:\MavenRepository\maven_jar\com\fasterxml\jackson\core\jackson-annotations\2.11.4\jackson-annotations-2.11.4.jar;D:\MavenRepository\maven_jar\com\fasterxml\jackson\core\jackson-core\2.11.4\jackson-core-2.11.4.jar;D:\MavenRepository\maven_jar\com\fasterxml\jackson\datatype\jackson-datatype-jdk8\2.11.4\jackson-datatype-jdk8-2.11.4.jar;D:\MavenRepository\maven_jar\com\fasterxml\jackson\datatype\jackson-datatype-jsr310\2.11.4\jackson-datatype-jsr310-2.11.4.jar;D:\MavenRepository\maven_jar\com\fasterxml\jackson\module\jackson-module-parameter-names\2.11.4\jackson-module-parameter-names-2.11.4.jar;D:\MavenRepository\maven_jar\org\springframework\boot\spring-boot-starter-tomcat\2.4.11\spring-boot-starter-tomcat-2.4.11.jar;D:\MavenRepository\maven_jar\org\apache\tomcat\embed\tomcat-embed-core\9.0.53\tomcat-embed-core-9.0.53.jar;D:\MavenRepository\maven_jar\org\glassfish\jakarta.el\3.0.4\jakarta.el-3.0.4.jar;D:\MavenRepository\maven_jar\org\apache\tomcat\embed\tomcat-embed-websocket\9.0.53\tomcat-embed-websocket-9.0.53.jar;D:\MavenRepository\maven_jar\org\springframework\spring-web\5.3.10\spring-web-5.3.10.jar;D:\MavenRepository\maven_jar\org\springframework\spring-beans\5.3.10\spring-beans-5.3.10.jar;D:\MavenRepository\maven_jar\org\springframework\spring-webmvc\5.3.10\spring-webmvc-5.3.10.jar;D:\MavenRepository\maven_jar\org\springframework\spring-context\5.3.10\spring-context-5.3.10.jar;D:\MavenRepository\maven_jar\org\springframework\spring-expression\5.3.10\spring-expression-5.3.10.jar;D:\MavenRepository\maven_jar\org\springframework\boot\spring-boot-starter-web-services\2.4.11\spring-boot-starter-web-services-2.4.11.jar;D:\MavenRepository\maven_jar\com\sun\xml\messaging\saaj\saaj-impl\1.5.3\saaj-impl-1.5.3.jar;D:\MavenRepository\maven_jar\jakarta\xml\soap\jakarta.xml.soap-api\1.4.2\jakarta.xml.soap-api-1.4.2.jar;D:\MavenRepository\maven_jar\org\jvnet\staxex\stax-ex\1.8.3\stax-ex-1.8.3.jar;D:\MavenRepository\maven_jar\com\sun\activation\jakarta.activation\1.2.2\jakarta.activation-1.2.2.jar;D:\MavenRepository\maven_jar\jakarta\xml\ws\jakarta.xml.ws-api\2.3.3\jakarta.xml.ws-api-2.3.3.jar;D:\MavenRepository\maven_jar\jakarta\jws\jakarta.jws-api\2.1.0\jakarta.jws-api-2.1.0.jar;D:\MavenRepository\maven_jar\org\springframework\spring-oxm\5.3.10\spring-oxm-5.3.10.jar;D:\MavenRepository\maven_jar\org\springframework\ws\spring-ws-core\3.0.10.RELEASE\spring-ws-core-3.0.10.RELEASE.jar;D:\MavenRepository\maven_jar\org\springframework\ws\spring-xml\3.0.10.RELEASE\spring-xml-3.0.10.RELEASE.jar;D:\MavenRepository\maven_jar\org\springframework\boot\spring-boot-devtools\2.4.11\spring-boot-devtools-2.4.11.jar;D:\MavenRepository\maven_jar\org\springframework\boot\spring-boot\2.4.11\spring-boot-2.4.11.jar;D:\MavenRepository\maven_jar\org\projectlombok\lombok\1.18.20\lombok-1.18.20.jar;D:\MavenRepository\maven_jar\org\springframework\boot\spring-boot-starter-test\2.4.11\spring-boot-starter-test-2.4.11.jar;D:\MavenRepository\maven_jar\org\springframework\boot\spring-boot-test\2.4.11\spring-boot-test-2.4.11.jar;D:\MavenRepository\maven_jar\org\springframework\boot\spring-boot-test-autoconfigure\2.4.11\spring-boot-test-autoconfigure-2.4.11.jar;D:\MavenRepository\maven_jar\com\jayway\jsonpath\json-path\2.4.0\json-path-2.4.0.jar;D:\MavenRepository\maven_jar\net\minidev\json-smart\2.3.1\json-smart-2.3.1.jar;D:\MavenRepository\maven_jar\net\minidev\accessors-smart\2.3.1\accessors-smart-2.3.1.jar;D:\MavenRepository\maven_jar\org\ow2\asm\asm\5.0.4\asm-5.0.4.jar;D:\MavenRepository\maven_jar\jakarta\xml\bind\jakarta.xml.bind-api\2.3.3\jakarta.xml.bind-api-2.3.3.jar;D:\MavenRepository\maven_jar\jakarta\activation\jakarta.activation-api\1.2.2\jakarta.activation-api-1.2.2.jar;D:\MavenRepository\maven_jar\org\assertj\assertj-core\3.18.1\assertj-core-3.18.1.jar;D:\MavenRepository\maven_jar\org\hamcrest\hamcrest\2.2\hamcrest-2.2.jar;D:\MavenRepository\maven_jar\org\junit\jupiter\junit-jupiter\5.7.2\junit-jupiter-5.7.2.jar;D:\MavenRepository\maven_jar\org\junit\jupiter\junit-jupiter-api\5.7.2\junit-jupiter-api-5.7.2.jar;D:\MavenRepository\maven_jar\org\apiguardian\apiguardian-api\1.1.0\apiguardian-api-1.1.0.jar;D:\MavenRepository\maven_jar\org\opentest4j\opentest4j\1.2.0\opentest4j-1.2.0.jar;D:\MavenRepository\maven_jar\org\junit\platform\junit-platform-commons\1.7.2\junit-platform-commons-1.7.2.jar;D:\MavenRepository\maven_jar\org\junit\jupiter\junit-jupiter-params\5.7.2\junit-jupiter-params-5.7.2.jar;D:\MavenRepository\maven_jar\org\junit\jupiter\junit-jupiter-engine\5.7.2\junit-jupiter-engine-5.7.2.jar;D:\MavenRepository\maven_jar\org\junit\platform\junit-platform-engine\1.7.2\junit-platform-engine-1.7.2.jar;D:\MavenRepository\maven_jar\org\mockito\mockito-core\3.6.28\mockito-core-3.6.28.jar;D:\MavenRepository\maven_jar\net\bytebuddy\byte-buddy\1.10.22\byte-buddy-1.10.22.jar;D:\MavenRepository\maven_jar\net\bytebuddy\byte-buddy-agent\1.10.22\byte-buddy-agent-1.10.22.jar;D:\MavenRepository\maven_jar\org\objenesis\objenesis\3.1\objenesis-3.1.jar;D:\MavenRepository\maven_jar\org\mockito\mockito-junit-jupiter\3.6.28\mockito-junit-jupiter-3.6.28.jar;D:\MavenRepository\maven_jar\org\skyscreamer\jsonassert\1.5.0\jsonassert-1.5.0.jar;D:\MavenRepository\maven_jar\com\vaadin\external\google\android-json\0.0.20131108.vaadin1\android-json-0.0.20131108.vaadin1.jar;D:\MavenRepository\maven_jar\org\springframework\spring-core\5.3.10\spring-core-5.3.10.jar;D:\MavenRepository\maven_jar\org\springframework\spring-jcl\5.3.10\spring-jcl-5.3.10.jar;D:\MavenRepository\maven_jar\org\springframework\spring-test\5.3.10\spring-test-5.3.10.jar;D:\MavenRepository\maven_jar\org\xmlunit\xmlunit-core\2.7.0\xmlunit-core-2.7.0.jar;"/>
    <property name="java.vm.vendor" value="Oracle Corporation"/>
    <property name="sun.arch.data.model" value="64"/>
    <property name="user.variant" value=""/>
    <property name="java.vendor.url" value="http://java.oracle.com/"/>
    <property name="user.timezone" value="Asia/Shanghai"/>
    <property name="java.vm.specification.version" value="1.8"/>
    <property name="os.name" value="Windows 10"/>
    <property name="user.country" value="CN"/>
    <property name="sun.java.launcher" value="SUN_STANDARD"/>
    <property name="sun.boot.library.path" value="D:\JavaEnvironment\jdk-1.8\jre\bin"/>
    <property name="sun.java.command" value="C:\Users\Dell\AppData\Local\Temp\surefire5875289652594766907\surefirebooter2350022012694009015.jar C:\Users\Dell\AppData\Local\Temp\surefire5875289652594766907 2022-01-02T19-53-02_512-jvmRun1 surefire4754935552571499783tmp surefire_05103051176472692608tmp"/>
    <property name="surefire.test.class.path" value="D:\JavaProject\bigData\target\test-classes;D:\JavaProject\bigData\target\classes;D:\MavenRepository\maven_jar\redis\clients\jedis\3.3.0\jedis-3.3.0.jar;D:\MavenRepository\maven_jar\org\slf4j\slf4j-api\1.7.32\slf4j-api-1.7.32.jar;D:\MavenRepository\maven_jar\org\springframework\boot\spring-boot-starter-data-redis\2.3.4.RELEASE\spring-boot-starter-data-redis-2.3.4.RELEASE.jar;D:\MavenRepository\maven_jar\org\springframework\boot\spring-boot-starter\2.4.11\spring-boot-starter-2.4.11.jar;D:\MavenRepository\maven_jar\org\springframework\boot\spring-boot-starter-logging\2.4.11\spring-boot-starter-logging-2.4.11.jar;D:\MavenRepository\maven_jar\ch\qos\logback\logback-classic\1.2.6\logback-classic-1.2.6.jar;D:\MavenRepository\maven_jar\ch\qos\logback\logback-core\1.2.6\logback-core-1.2.6.jar;D:\MavenRepository\maven_jar\org\apache\logging\log4j\log4j-to-slf4j\2.13.3\log4j-to-slf4j-2.13.3.jar;D:\MavenRepository\maven_jar\org\apache\logging\log4j\log4j-api\2.13.3\log4j-api-2.13.3.jar;D:\MavenRepository\maven_jar\org\slf4j\jul-to-slf4j\1.7.32\jul-to-slf4j-1.7.32.jar;D:\MavenRepository\maven_jar\jakarta\annotation\jakarta.annotation-api\1.3.5\jakarta.annotation-api-1.3.5.jar;D:\MavenRepository\maven_jar\org\yaml\snakeyaml\1.27\snakeyaml-1.27.jar;D:\MavenRepository\maven_jar\org\springframework\data\spring-data-redis\2.4.13\spring-data-redis-2.4.13.jar;D:\MavenRepository\maven_jar\org\springframework\data\spring-data-keyvalue\2.4.13\spring-data-keyvalue-2.4.13.jar;D:\MavenRepository\maven_jar\org\springframework\data\spring-data-commons\2.4.13\spring-data-commons-2.4.13.jar;D:\MavenRepository\maven_jar\org\springframework\spring-tx\5.3.10\spring-tx-5.3.10.jar;D:\MavenRepository\maven_jar\org\springframework\spring-aop\5.3.10\spring-aop-5.3.10.jar;D:\MavenRepository\maven_jar\org\springframework\spring-context-support\5.3.10\spring-context-support-5.3.10.jar;D:\MavenRepository\maven_jar\io\lettuce\lettuce-core\6.0.8.RELEASE\lettuce-core-6.0.8.RELEASE.jar;D:\MavenRepository\maven_jar\io\netty\netty-common\4.1.68.Final\netty-common-4.1.68.Final.jar;D:\MavenRepository\maven_jar\io\netty\netty-handler\4.1.68.Final\netty-handler-4.1.68.Final.jar;D:\MavenRepository\maven_jar\io\netty\netty-resolver\4.1.68.Final\netty-resolver-4.1.68.Final.jar;D:\MavenRepository\maven_jar\io\netty\netty-buffer\4.1.68.Final\netty-buffer-4.1.68.Final.jar;D:\MavenRepository\maven_jar\io\netty\netty-codec\4.1.68.Final\netty-codec-4.1.68.Final.jar;D:\MavenRepository\maven_jar\io\netty\netty-transport\4.1.68.Final\netty-transport-4.1.68.Final.jar;D:\MavenRepository\maven_jar\io\projectreactor\reactor-core\3.4.10\reactor-core-3.4.10.jar;D:\MavenRepository\maven_jar\org\reactivestreams\reactive-streams\1.0.3\reactive-streams-1.0.3.jar;D:\MavenRepository\maven_jar\org\apache\commons\commons-pool2\2.6.2\commons-pool2-2.6.2.jar;D:\MavenRepository\maven_jar\net\sf\json-lib\json-lib\2.4\json-lib-2.4-jdk15.jar;D:\MavenRepository\maven_jar\commons-beanutils\commons-beanutils\1.8.0\commons-beanutils-1.8.0.jar;D:\MavenRepository\maven_jar\commons-collections\commons-collections\3.2.1\commons-collections-3.2.1.jar;D:\MavenRepository\maven_jar\commons-lang\commons-lang\2.5\commons-lang-2.5.jar;D:\MavenRepository\maven_jar\commons-logging\commons-logging\1.1.1\commons-logging-1.1.1.jar;D:\MavenRepository\maven_jar\net\sf\ezmorph\ezmorph\1.0.6\ezmorph-1.0.6.jar;D:\MavenRepository\maven_jar\org\apache\httpcomponents\httpclient\4.5.3\httpclient-4.5.3.jar;D:\MavenRepository\maven_jar\org\apache\httpcomponents\httpcore\4.4.14\httpcore-4.4.14.jar;D:\MavenRepository\maven_jar\commons-codec\commons-codec\1.15\commons-codec-1.15.jar;D:\MavenRepository\maven_jar\org\apache\commons\commons-lang3\3.4\commons-lang3-3.4.jar;D:\MavenRepository\maven_jar\com\alibaba\fastjson\1.2.45\fastjson-1.2.45.jar;D:\MavenRepository\maven_jar\mysql\mysql-connector-java\8.0.26\mysql-connector-java-8.0.26.jar;D:\MavenRepository\maven_jar\org\mybatis\spring\boot\mybatis-spring-boot-starter\2.1.4\mybatis-spring-boot-starter-2.1.4.jar;D:\MavenRepository\maven_jar\org\springframework\boot\spring-boot-starter-jdbc\2.4.11\spring-boot-starter-jdbc-2.4.11.jar;D:\MavenRepository\maven_jar\com\zaxxer\HikariCP\3.4.5\HikariCP-3.4.5.jar;D:\MavenRepository\maven_jar\org\springframework\spring-jdbc\5.3.10\spring-jdbc-5.3.10.jar;D:\MavenRepository\maven_jar\org\mybatis\spring\boot\mybatis-spring-boot-autoconfigure\2.1.4\mybatis-spring-boot-autoconfigure-2.1.4.jar;D:\MavenRepository\maven_jar\org\mybatis\mybatis\3.5.6\mybatis-3.5.6.jar;D:\MavenRepository\maven_jar\org\mybatis\mybatis-spring\2.0.6\mybatis-spring-2.0.6.jar;D:\MavenRepository\maven_jar\com\baomidou\mybatis-plus-boot-starter\3.2.0\mybatis-plus-boot-starter-3.2.0.jar;D:\MavenRepository\maven_jar\com\baomidou\mybatis-plus\3.2.0\mybatis-plus-3.2.0.jar;D:\MavenRepository\maven_jar\com\baomidou\mybatis-plus-extension\3.2.0\mybatis-plus-extension-3.2.0.jar;D:\MavenRepository\maven_jar\com\baomidou\mybatis-plus-core\3.2.0\mybatis-plus-core-3.2.0.jar;D:\MavenRepository\maven_jar\com\baomidou\mybatis-plus-annotation\3.2.0\mybatis-plus-annotation-3.2.0.jar;D:\MavenRepository\maven_jar\com\github\jsqlparser\jsqlparser\2.1\jsqlparser-2.1.jar;D:\MavenRepository\maven_jar\org\springframework\boot\spring-boot-autoconfigure\2.4.11\spring-boot-autoconfigure-2.4.11.jar;D:\MavenRepository\maven_jar\org\springframework\boot\spring-boot-starter-web\2.4.11\spring-boot-starter-web-2.4.11.jar;D:\MavenRepository\maven_jar\org\springframework\boot\spring-boot-starter-json\2.4.11\spring-boot-starter-json-2.4.11.jar;D:\MavenRepository\maven_jar\com\fasterxml\jackson\core\jackson-databind\2.11.4\jackson-databind-2.11.4.jar;D:\MavenRepository\maven_jar\com\fasterxml\jackson\core\jackson-annotations\2.11.4\jackson-annotations-2.11.4.jar;D:\MavenRepository\maven_jar\com\fasterxml\jackson\core\jackson-core\2.11.4\jackson-core-2.11.4.jar;D:\MavenRepository\maven_jar\com\fasterxml\jackson\datatype\jackson-datatype-jdk8\2.11.4\jackson-datatype-jdk8-2.11.4.jar;D:\MavenRepository\maven_jar\com\fasterxml\jackson\datatype\jackson-datatype-jsr310\2.11.4\jackson-datatype-jsr310-2.11.4.jar;D:\MavenRepository\maven_jar\com\fasterxml\jackson\module\jackson-module-parameter-names\2.11.4\jackson-module-parameter-names-2.11.4.jar;D:\MavenRepository\maven_jar\org\springframework\boot\spring-boot-starter-tomcat\2.4.11\spring-boot-starter-tomcat-2.4.11.jar;D:\MavenRepository\maven_jar\org\apache\tomcat\embed\tomcat-embed-core\9.0.53\tomcat-embed-core-9.0.53.jar;D:\MavenRepository\maven_jar\org\glassfish\jakarta.el\3.0.4\jakarta.el-3.0.4.jar;D:\MavenRepository\maven_jar\org\apache\tomcat\embed\tomcat-embed-websocket\9.0.53\tomcat-embed-websocket-9.0.53.jar;D:\MavenRepository\maven_jar\org\springframework\spring-web\5.3.10\spring-web-5.3.10.jar;D:\MavenRepository\maven_jar\org\springframework\spring-beans\5.3.10\spring-beans-5.3.10.jar;D:\MavenRepository\maven_jar\org\springframework\spring-webmvc\5.3.10\spring-webmvc-5.3.10.jar;D:\MavenRepository\maven_jar\org\springframework\spring-context\5.3.10\spring-context-5.3.10.jar;D:\MavenRepository\maven_jar\org\springframework\spring-expression\5.3.10\spring-expression-5.3.10.jar;D:\MavenRepository\maven_jar\org\springframework\boot\spring-boot-starter-web-services\2.4.11\spring-boot-starter-web-services-2.4.11.jar;D:\MavenRepository\maven_jar\com\sun\xml\messaging\saaj\saaj-impl\1.5.3\saaj-impl-1.5.3.jar;D:\MavenRepository\maven_jar\jakarta\xml\soap\jakarta.xml.soap-api\1.4.2\jakarta.xml.soap-api-1.4.2.jar;D:\MavenRepository\maven_jar\org\jvnet\staxex\stax-ex\1.8.3\stax-ex-1.8.3.jar;D:\MavenRepository\maven_jar\com\sun\activation\jakarta.activation\1.2.2\jakarta.activation-1.2.2.jar;D:\MavenRepository\maven_jar\jakarta\xml\ws\jakarta.xml.ws-api\2.3.3\jakarta.xml.ws-api-2.3.3.jar;D:\MavenRepository\maven_jar\jakarta\jws\jakarta.jws-api\2.1.0\jakarta.jws-api-2.1.0.jar;D:\MavenRepository\maven_jar\org\springframework\spring-oxm\5.3.10\spring-oxm-5.3.10.jar;D:\MavenRepository\maven_jar\org\springframework\ws\spring-ws-core\3.0.10.RELEASE\spring-ws-core-3.0.10.RELEASE.jar;D:\MavenRepository\maven_jar\org\springframework\ws\spring-xml\3.0.10.RELEASE\spring-xml-3.0.10.RELEASE.jar;D:\MavenRepository\maven_jar\org\springframework\boot\spring-boot-devtools\2.4.11\spring-boot-devtools-2.4.11.jar;D:\MavenRepository\maven_jar\org\springframework\boot\spring-boot\2.4.11\spring-boot-2.4.11.jar;D:\MavenRepository\maven_jar\org\projectlombok\lombok\1.18.20\lombok-1.18.20.jar;D:\MavenRepository\maven_jar\org\springframework\boot\spring-boot-starter-test\2.4.11\spring-boot-starter-test-2.4.11.jar;D:\MavenRepository\maven_jar\org\springframework\boot\spring-boot-test\2.4.11\spring-boot-test-2.4.11.jar;D:\MavenRepository\maven_jar\org\springframework\boot\spring-boot-test-autoconfigure\2.4.11\spring-boot-test-autoconfigure-2.4.11.jar;D:\MavenRepository\maven_jar\com\jayway\jsonpath\json-path\2.4.0\json-path-2.4.0.jar;D:\MavenRepository\maven_jar\net\minidev\json-smart\2.3.1\json-smart-2.3.1.jar;D:\MavenRepository\maven_jar\net\minidev\accessors-smart\2.3.1\accessors-smart-2.3.1.jar;D:\MavenRepository\maven_jar\org\ow2\asm\asm\5.0.4\asm-5.0.4.jar;D:\MavenRepository\maven_jar\jakarta\xml\bind\jakarta.xml.bind-api\2.3.3\jakarta.xml.bind-api-2.3.3.jar;D:\MavenRepository\maven_jar\jakarta\activation\jakarta.activation-api\1.2.2\jakarta.activation-api-1.2.2.jar;D:\MavenRepository\maven_jar\org\assertj\assertj-core\3.18.1\assertj-core-3.18.1.jar;D:\MavenRepository\maven_jar\org\hamcrest\hamcrest\2.2\hamcrest-2.2.jar;D:\MavenRepository\maven_jar\org\junit\jupiter\junit-jupiter\5.7.2\junit-jupiter-5.7.2.jar;D:\MavenRepository\maven_jar\org\junit\jupiter\junit-jupiter-api\5.7.2\junit-jupiter-api-5.7.2.jar;D:\MavenRepository\maven_jar\org\apiguardian\apiguardian-api\1.1.0\apiguardian-api-1.1.0.jar;D:\MavenRepository\maven_jar\org\opentest4j\opentest4j\1.2.0\opentest4j-1.2.0.jar;D:\MavenRepository\maven_jar\org\junit\platform\junit-platform-commons\1.7.2\junit-platform-commons-1.7.2.jar;D:\MavenRepository\maven_jar\org\junit\jupiter\junit-jupiter-params\5.7.2\junit-jupiter-params-5.7.2.jar;D:\MavenRepository\maven_jar\org\junit\jupiter\junit-jupiter-engine\5.7.2\junit-jupiter-engine-5.7.2.jar;D:\MavenRepository\maven_jar\org\junit\platform\junit-platform-engine\1.7.2\junit-platform-engine-1.7.2.jar;D:\MavenRepository\maven_jar\org\mockito\mockito-core\3.6.28\mockito-core-3.6.28.jar;D:\MavenRepository\maven_jar\net\bytebuddy\byte-buddy\1.10.22\byte-buddy-1.10.22.jar;D:\MavenRepository\maven_jar\net\bytebuddy\byte-buddy-agent\1.10.22\byte-buddy-agent-1.10.22.jar;D:\MavenRepository\maven_jar\org\objenesis\objenesis\3.1\objenesis-3.1.jar;D:\MavenRepository\maven_jar\org\mockito\mockito-junit-jupiter\3.6.28\mockito-junit-jupiter-3.6.28.jar;D:\MavenRepository\maven_jar\org\skyscreamer\jsonassert\1.5.0\jsonassert-1.5.0.jar;D:\MavenRepository\maven_jar\com\vaadin\external\google\android-json\0.0.20131108.vaadin1\android-json-0.0.20131108.vaadin1.jar;D:\MavenRepository\maven_jar\org\springframework\spring-core\5.3.10\spring-core-5.3.10.jar;D:\MavenRepository\maven_jar\org\springframework\spring-jcl\5.3.10\spring-jcl-5.3.10.jar;D:\MavenRepository\maven_jar\org\springframework\spring-test\5.3.10\spring-test-5.3.10.jar;D:\MavenRepository\maven_jar\org\xmlunit\xmlunit-core\2.7.0\xmlunit-core-2.7.0.jar;"/>
    <property name="sun.cpu.endian" value="little"/>
    <property name="user.home" value="C:\Users\Dell"/>
    <property name="user.language" value="zh"/>
    <property name="java.specification.vendor" value="Oracle Corporation"/>
    <property name="java.home" value="D:\JavaEnvironment\jdk-1.8\jre"/>
    <property name="basedir" value="D:\JavaProject\bigData"/>
    <property name="file.separator" value="\"/>
    <property name="line.separator" value="&#10;"/>
    <property name="java.vm.specification.vendor" value="Oracle Corporation"/>
    <property name="java.specification.name" value="Java Platform API Specification"/>
    <property name="java.awt.graphicsenv" value="sun.awt.Win32GraphicsEnvironment"/>
    <property name="surefire.real.class.path" value="C:\Users\Dell\AppData\Local\Temp\surefire5875289652594766907\surefirebooter2350022012694009015.jar"/>
    <property name="sun.boot.class.path" value="D:\JavaEnvironment\jdk-1.8\jre\lib\resources.jar;D:\JavaEnvironment\jdk-1.8\jre\lib\rt.jar;D:\JavaEnvironment\jdk-1.8\jre\lib\sunrsasign.jar;D:\JavaEnvironment\jdk-1.8\jre\lib\jsse.jar;D:\JavaEnvironment\jdk-1.8\jre\lib\jce.jar;D:\JavaEnvironment\jdk-1.8\jre\lib\charsets.jar;D:\JavaEnvironment\jdk-1.8\jre\lib\jfr.jar;D:\JavaEnvironment\jdk-1.8\jre\classes"/>
    <property name="user.script" value=""/>
    <property name="sun.management.compiler" value="HotSpot 64-Bit Tiered Compilers"/>
    <property name="java.runtime.version" value="1.8.0_241-b07"/>
    <property name="user.name" value="Dell"/>
    <property name="path.separator" value=";"/>
    <property name="os.version" value="10.0"/>
    <property name="java.endorsed.dirs" value="D:\JavaEnvironment\jdk-1.8\jre\lib\endorsed"/>
    <property name="java.runtime.name" value="Java(TM) SE Runtime Environment"/>
    <property name="file.encoding" value="GBK"/>
    <property name="java.vm.name" value="Java HotSpot(TM) 64-Bit Server VM"/>
    <property name="localRepository" value="D:\MavenRepository\maven_jar"/>
    <property name="java.vendor.url.bug" value="http://bugreport.sun.com/bugreport/"/>
    <property name="java.io.tmpdir" value="C:\Users\Dell\AppData\Local\Temp\"/>
    <property name="idea.version" value="2021.2"/>
    <property name="java.version" value="1.8.0_241"/>
    <property name="user.dir" value="D:\JavaProject\bigData"/>
    <property name="os.arch" value="amd64"/>
    <property name="java.vm.specification.name" value="Java Virtual Machine Specification"/>
    <property name="java.awt.printerjob" value="sun.awt.windows.WPrinterJob"/>
    <property name="sun.os.patch.level" value=""/>
    <property name="java.library.path" value="D:\JavaEnvironment\jdk-1.8\jre\bin;C:\WINDOWS\Sun\Java\bin;C:\WINDOWS\system32;C:\WINDOWS;E:\tools\anaconda;E:\tools\anaconda\Library\mingw-w64\bin;E:\tools\anaconda\Library\usr\bin;E:\tools\anaconda\Library\bin;E:\tools\anaconda\Scripts;C:\Program Files\NVIDIA GPU Computing Toolkit\CUDA\v10.1\bin;C:\Program Files\NVIDIA GPU Computing Toolkit\CUDA\v10.1\libnvvp;D:\VMware\bin\;C:\Program Files (x86)\Common Files\Oracle\Java\javapath;D:\JavaEnvironment\apache-maven-3.3.9\bin;D:\JavaEnvironment\jdk-1.8\bin;D:\JavaEnvironment\apache-tomcat-8.5.54\bin;C:\Program Files (x86)\Common Files\Intel\Shared Libraries\redist\intel64\compiler;C:\Windows\system32;C:\Windows;C:\Windows\System32\Wbem;C:\Windows\System32\WindowsPowerShell\v1.0\;C:\Windows\System32\OpenSSH\;C:\Program Files (x86)\NVIDIA Corporation\PhysX\Common;C:\Program Files\NVIDIA Corporation\NVIDIA NvDLISR;D:\JavaEnvironment\mysql-5.7.19-winx64\bin;D:\Git\cmd;D:\others\blog\node_modules\hexo-cli\bin;D:\others\nvm\nvm;C:\Program Files\nodejs;D:\nodejs\node_global;F:\matlab\matlabApp\bin;E:\tools\spss\JRE\bin;D:\Program Files\;C:\Program Files\NVIDIA Corporation\Nsight Compute 2019.4.0\;C:\WINDOWS\system32;C:\WINDOWS;C:\WINDOWS\System32\Wbem;C:\WINDOWS\System32\WindowsPowerShell\v1.0\;C:\WINDOWS\System32\OpenSSH\;E:\tools\;D:\JavaEnvironment\mongodb\bin;D:\others\netcat;E:\tools\scoop\shims;D:\pythonUse\python3.63\Scripts\;D:\pythonUse\python3.63\;C:\Users\Dell\AppData\Local\Microsoft\WindowsApps;C:\Users\Dell\AppData\Roaming\npm;D:\WebStorm 2020.3.1\bin;C:\Users\Dell\AppData\Local\Programs\Fiddler;C:\Users\Dell\AppData\Local\Microsoft\WindowsApps;E:\tools\Microsoft VS Code\bin;."/>
    <property name="java.vm.info" value="mixed mode"/>
    <property name="java.vendor" value="Oracle Corporation"/>
    <property name="java.vm.version" value="25.241-b07"/>
    <property name="java.ext.dirs" value="D:\JavaEnvironment\jdk-1.8\jre\lib\ext;C:\WINDOWS\Sun\Java\lib\ext"/>
    <property name="sun.io.unicode.encoding" value="UnicodeLittle"/>
    <property name="maven.repo.local" value="D:\MavenRepository\maven_jar"/>
    <property name="java.class.version" value="52.0"/>
  </properties>
  <testcase name="test" classname="com.cumt.bigdata.BigDataApplicationTests" time="10.538"/>
  <testcase name="test1" classname="com.cumt.bigdata.BigDataApplicationTests" time="0.004"/>
</testsuite>